<?xml version="1.0" encoding="UTF-8"?>
<!-- Generated by org.testng.reporters.JUnitXMLReporter -->
<testsuite ignored="0" hostname="DESKTOP-K4NANCV" failures="0" tests="1" name="Default test" time="0.094" errors="0" timestamp="2026-01-29T11:51:07 IST">
  <testcase classname="org.automation.ModulerFramework.BaseTest" name="@BeforeClass broweserSetUp" time="0.014">
    <failure type="java.lang.Error" message="Unresolved compilation problems: 
	EXCEl_PATH cannot be resolved to a variable
	Syntax error, insert &amp;quot;;&amp;quot; to complete LocalVariableDeclarationStatement
">
      <![CDATA[java.lang.Error: Unresolved compilation problems: 
EXCEl_PATH cannot be resolved to a variable
Syntax error, insert ";" to complete LocalVariableDeclarationStatement

at org.automation.genericUtilities.Flib.getPropertyValue(Flib.java:30)
at org.automation.ModulerFramework.BaseTest.broweserSetUp(BaseTest.java:22)
at java.base/jdk.internal.reflect.DirectMethodHandleAccessor.invoke(DirectMethodHandleAccessor.java:104)
at java.base/java.lang.reflect.Method.invoke(Method.java:565)
at org.testng.internal.invokers.MethodInvocationHelper.invokeMethod(MethodInvocationHelper.java:141)
at org.testng.internal.invokers.MethodInvocationHelper.invokeMethodConsideringTimeout(MethodInvocationHelper.java:71)
at org.testng.internal.invokers.ConfigInvoker.invokeConfigurationMethod(ConfigInvoker.java:400)
at org.testng.internal.invokers.ConfigInvoker.invokeConfigurations(ConfigInvoker.java:333)
at org.testng.internal.invokers.TestMethodWorker.invokeBeforeClassMethods(TestMethodWorker.java:188)
at org.testng.internal.invokers.TestMethodWorker.run(TestMethodWorker.java:128)
at java.base/java.util.ArrayList.forEach(ArrayList.java:1604)
at org.testng.TestRunner.privateRun(TestRunner.java:741)
at org.testng.TestRunner.run(TestRunner.java:616)
at org.testng.SuiteRunner.runTest(SuiteRunner.java:421)
at org.testng.SuiteRunner.runSequentially(SuiteRunner.java:413)
at org.testng.SuiteRunner.privateRun(SuiteRunner.java:373)
at org.testng.SuiteRunner.run(SuiteRunner.java:312)
at org.testng.SuiteRunnerWorker.runSuite(SuiteRunnerWorker.java:52)
at org.testng.SuiteRunnerWorker.run(SuiteRunnerWorker.java:95)
at org.testng.TestNG.runSuitesSequentially(TestNG.java:1274)
at org.testng.TestNG.runSuitesLocally(TestNG.java:1208)
at org.testng.TestNG.runSuites(TestNG.java:1112)
at org.testng.TestNG.run(TestNG.java:1079)
at org.testng.remote.AbstractRemoteTestNG.run(AbstractRemoteTestNG.java:115)
at org.testng.remote.RemoteTestNG.initAndRun(RemoteTestNG.java:293)
at org.testng.remote.RemoteTestNG.main(RemoteTestNG.java:91)
]]>
    </failure>
  </testcase> <!-- @BeforeClass broweserSetUp -->
  <testcase classname="org.automation.ModulerFramework.BaseTest" name="@BeforeMethod login" time="0.0">
    <skipped/>
  </testcase> <!-- @BeforeMethod login -->
  <testcase classname="org.automation.ModulerFramework.BaseTest" name="@AfterMethod logout" time="0.0">
    <skipped/>
  </testcase> <!-- @AfterMethod logout -->
  <testcase classname="org.automation.ModulerFramework.TC_BuyProduct_003_Test" name="byProductMethod" time="0.001">
    <skipped/>
  </testcase> <!-- byProductMethod -->
</testsuite> <!-- Default test -->
