<?xml version="1.0" encoding="UTF-8"?>
<!-- Generated by org.testng.reporters.JUnitReportReporter -->
<testsuite hostname="DESKTOP-K4NANCV" failures="0" tests="1" name="org.automation.GroupExecution.Yash" time="3.363" errors="0" timestamp="2026-01-11T14:55:17 IST" skipped="0">
  <testcase classname="org.automation.GroupExecution.Yash" name="LaunchYash" time="3.363">
    <system-out>
      <![CDATA[Lunched Yash page]]>
    </system-out>
  </testcase> <!-- LaunchYash -->
  <system-out>
    <![CDATA[Lunched Yash page]]>
  </system-out>
</testsuite> <!-- org.automation.GroupExecution.Yash -->
