<?xml version="1.0" encoding="UTF-8"?>
<!-- Generated by org.testng.reporters.JUnitReportReporter -->
<testsuite hostname="DESKTOP-K4NANCV" failures="0" tests="2" name="org.automation.batchExecution.Jawa" time="20.460" errors="0" timestamp="2026-01-11T14:54:05 IST" skipped="0">
  <testcase classname="org.automation.batchExecution.Jawa" name="LaunchingPeark" time="9.095">
    <system-out>
      <![CDATA[Launched Peark]]>
    </system-out>
  </testcase> <!-- LaunchingPeark -->
  <testcase classname="org.automation.batchExecution.Jawa" name="Launching42Boober" time="11.365">
    <system-out>
      <![CDATA[Launched 42 bobber]]>
    </system-out>
  </testcase> <!-- Launching42Boober -->
  <system-out>
    <![CDATA[launched Hayabusa
Launched Peark
launched HearlyDevidson
Launched 42 bobber]]>
  </system-out>
</testsuite> <!-- org.automation.batchExecution.Jawa -->
