<?xml version="1.0" encoding="UTF-8"?>
<!-- Generated by org.testng.reporters.JUnitReportReporter -->
<testsuite hostname="DESKTOP-K4NANCV" failures="0" tests="3" name="org.automation.TestNGLearning.UnderstandingPriority" time="29.865" errors="0" timestamp="2026-01-11T14:34:11 IST" skipped="0">
  <testcase classname="org.automation.TestNGLearning.UnderstandingPriority" name="launchingPurple" time="11.822"/>
  <testcase classname="org.automation.TestNGLearning.UnderstandingPriority" name="launchingFullyFilmy" time="8.650"/>
  <testcase classname="org.automation.TestNGLearning.UnderstandingPriority" name="launchingKalkiFashion" time="9.393"/>
</testsuite> <!-- org.automation.TestNGLearning.UnderstandingPriority -->
