<?xml version="1.0" encoding="UTF-8"?>
<!-- Generated by org.testng.reporters.JUnitReportReporter -->
<testsuite hostname="DESKTOP-K4NANCV" failures="0" tests="3" name="org.automation.DataProvider.DataProvider1" time="53.004" errors="0" timestamp="2026-01-16T22:05:07 IST" skipped="0">
  <testcase classname="org.automation.DataProvider.DataProvider1" name="login" time="35.766"/>
  <testcase classname="org.automation.DataProvider.DataProvider1" name="login" time="8.532"/>
  <testcase classname="org.automation.DataProvider.DataProvider1" name="login" time="8.706"/>
</testsuite> <!-- org.automation.DataProvider.DataProvider1 -->
