<?xml version="1.0" encoding="UTF-8"?>
<!-- Generated by org.testng.reporters.JUnitReportReporter -->
<testsuite hostname="DESKTOP-K4NANCV" failures="0" tests="1" name="org.automation.batchExecution.Suzuki" time="8.068" errors="0" timestamp="2026-01-11T14:54:05 IST" skipped="0">
  <testcase classname="org.automation.batchExecution.Suzuki" name="LaunchingHayabusa" time="8.068">
    <system-out>
      <![CDATA[launched Hayabusa]]>
    </system-out>
  </testcase> <!-- LaunchingHayabusa -->
  <system-out>
    <![CDATA[launched Hayabusa
Launched Peark
launched HearlyDevidson
Launched 42 bobber]]>
  </system-out>
</testsuite> <!-- org.automation.batchExecution.Suzuki -->
