<?xml version="1.0" encoding="UTF-8"?>
<!-- Generated by org.testng.reporters.JUnitReportReporter -->
<testsuite hostname="DESKTOP-K4NANCV" failures="0" tests="3" name="org.automation.org.automation.TestNGAnnotation.ConfigrationAnnotations" time="0.016" errors="0" timestamp="2026-01-13T11:49:59 IST" skipped="0">
  <testcase classname="org.automation.org.automation.TestNGAnnotation.ConfigrationAnnotations" name="testCase3" time="0.001">
    <system-out>
      <![CDATA[this is @TestMethod]]>
    </system-out>
  </testcase> <!-- testCase3 -->
  <testcase classname="org.automation.org.automation.TestNGAnnotation.ConfigrationAnnotations" name="tastCase2" time="0.009">
    <system-out>
      <![CDATA[this is @Test method 2]]>
    </system-out>
  </testcase> <!-- tastCase2 -->
  <testcase classname="org.automation.org.automation.TestNGAnnotation.ConfigrationAnnotations" name="testCase1" time="0.006">
    <system-out>
      <![CDATA[This is @Test method1]]>
    </system-out>
  </testcase> <!-- testCase1 -->
  <system-out>
    <![CDATA[this is @BeforeSuit method
this is @BeforeTest method
this is @BeforeClass method
this is @BeforeMethod
this is @Test method 2
this is @afterMetod method
this is @BeforeMethod
This is @Test method1
this is @afterMetod method
this is @BeforeMethod
this is @TestMethod
this is @afterMetod method
this is @afterClass method
this ia @afterTest method
this is @AfterSuit method]]>
  </system-out>
</testsuite> <!-- org.automation.org.automation.TestNGAnnotation.ConfigrationAnnotations -->
