<?xml version="1.0" encoding="UTF-8"?>
<!-- Generated by org.testng.reporters.JUnitReportReporter -->
<testsuite hostname="DESKTOP-K4NANCV" failures="0" tests="1" name="org.automation.GroupExecution.AlliArjun" time="6.575" errors="0" timestamp="2026-01-11T14:55:17 IST" skipped="0">
  <testcase classname="org.automation.GroupExecution.AlliArjun" name="LaunchAlluArjun" time="6.575"/>
  <system-out>
    <![CDATA[Lunched Yash page]]>
  </system-out>
</testsuite> <!-- org.automation.GroupExecution.AlliArjun -->
