<?xml version="1.0" encoding="UTF-8"?>
<!-- Generated by org.testng.reporters.JUnitXMLReporter -->
<testsuite ignored="3" hostname="DESKTOP-K4NANCV" failures="0" tests="4" name="Test" time="16.994" errors="0" timestamp="2026-01-11T14:55:16 IST">
  <testcase classname="org.automation.GroupExecution.AlliArjun" name="LaunchAlluArjun" time="6.575"/>
  <testcase classname="org.automation.GroupExecution.SharukhKhan" name="LaunchSharukhKhan" time="3.54"/>
  <testcase classname="org.automation.GroupExecution.VickyKaushal" name="LaunchYash" time="3.408"/>
  <testcase classname="org.automation.GroupExecution.Yash" name="LaunchYash" time="3.363"/>
  <testcase classname="org.automation.GroupExecution.Dhanush" name="launchingDhanush" time="0.0">
    <ignored/>
  </testcase> <!-- launchingDhanush -->
  <testcase classname="org.automation.GroupExecution.Puneet" name="LaunchPuneet" time="0.0">
    <ignored/>
  </testcase> <!-- LaunchPuneet -->
  <testcase classname="org.automation.GroupExecution.MaheshBabu" name="LaunchMahesBabu" time="0.0">
    <ignored/>
  </testcase> <!-- LaunchMahesBabu -->
</testsuite> <!-- Test -->
